[01-May-2024 22:24:09 Europe/Berlin] PHP Warning:  Undefined array key "user" in C:\xampp\htdocs\APP\Projet-App\index.php on line 25
[01-May-2024 22:25:47 Europe/Berlin] PHP Warning:  Undefined global variable $_SESSION in C:\xampp\htdocs\APP\Projet-App\index.php on line 25
[01-May-2024 22:25:47 Europe/Berlin] PHP Warning:  Trying to access array offset on value of type null in C:\xampp\htdocs\APP\Projet-App\index.php on line 25
[01-May-2024 22:25:58 Europe/Berlin] PHP Warning:  Undefined array key "user" in C:\xampp\htdocs\APP\Projet-App\index.php on line 25
[06-May-2024 11:54:55 UTC] PHP Warning:  include(aside-admin.php): Failed to open stream: No such file or directory in C:\wamp64\www\cinemanager\index.php on line 103
[06-May-2024 11:54:55 UTC] PHP Stack trace:
[06-May-2024 11:54:55 UTC] PHP   1. {main}() C:\wamp64\www\cinemanager\index.php:0
[06-May-2024 11:54:55 UTC] PHP Warning:  include(): Failed opening 'aside-admin.php' for inclusion (include_path='.;C:\php\pear') in C:\wamp64\www\cinemanager\index.php on line 103
[06-May-2024 11:54:55 UTC] PHP Stack trace:
[06-May-2024 11:54:55 UTC] PHP   1. {main}() C:\wamp64\www\cinemanager\index.php:0
[06-May-2024 11:55:01 UTC] PHP Warning:  include(aside-admin.php): Failed to open stream: No such file or directory in C:\wamp64\www\cinemanager\index.php on line 103
[06-May-2024 11:55:01 UTC] PHP Stack trace:
[06-May-2024 11:55:01 UTC] PHP   1. {main}() C:\wamp64\www\cinemanager\index.php:0
[06-May-2024 11:55:01 UTC] PHP Warning:  include(): Failed opening 'aside-admin.php' for inclusion (include_path='.;C:\php\pear') in C:\wamp64\www\cinemanager\index.php on line 103
[06-May-2024 11:55:01 UTC] PHP Stack trace:
[06-May-2024 11:55:01 UTC] PHP   1. {main}() C:\wamp64\www\cinemanager\index.php:0
[29-May-2024 16:46:32 UTC] PHP Fatal error:  Cannot redeclare connectBdd() (previously declared in C:\wamp64\www\cinemanager\back\pdo.php:3) in C:\wamp64\www\cinemanager\back\pdo.php on line 3
[29-May-2024 16:46:32 UTC] PHP Stack trace:
[29-May-2024 16:46:32 UTC] PHP   1. {main}() C:\wamp64\www\cinemanager\index.php:0
[29-May-2024 16:46:32 UTC] PHP   2. include() C:\wamp64\www\cinemanager\index.php:271
[29-May-2024 16:46:50 UTC] PHP Fatal error:  Cannot redeclare connectBdd() (previously declared in C:\wamp64\www\cinemanager\back\pdo.php:3) in C:\wamp64\www\cinemanager\back\pdo.php on line 3
[29-May-2024 16:46:50 UTC] PHP Stack trace:
[29-May-2024 16:46:50 UTC] PHP   1. {main}() C:\wamp64\www\cinemanager\index.php:0
[29-May-2024 16:46:50 UTC] PHP   2. include() C:\wamp64\www\cinemanager\index.php:271
[29-May-2024 16:47:00 UTC] PHP Fatal error:  Cannot redeclare connectBdd() (previously declared in C:\wamp64\www\cinemanager\back\pdo.php:3) in C:\wamp64\www\cinemanager\back\pdo.php on line 3
[29-May-2024 16:47:00 UTC] PHP Stack trace:
[29-May-2024 16:47:00 UTC] PHP   1. {main}() C:\wamp64\www\cinemanager\index.php:0
[29-May-2024 16:47:00 UTC] PHP   2. include() C:\wamp64\www\cinemanager\index.php:271
[29-May-2024 16:47:25 UTC] PHP Fatal error:  Cannot redeclare connectBdd() (previously declared in C:\wamp64\www\cinemanager\back\pdo.php:3) in C:\wamp64\www\cinemanager\back\pdo.php on line 3
[29-May-2024 16:47:25 UTC] PHP Stack trace:
[29-May-2024 16:47:25 UTC] PHP   1. {main}() C:\wamp64\www\cinemanager\index.php:0
[29-May-2024 16:47:25 UTC] PHP   2. include() C:\wamp64\www\cinemanager\index.php:271
[29-May-2024 16:52:56 UTC] PHP Fatal error:  Cannot redeclare connectBdd() (previously declared in C:\wamp64\www\cinemanager\back\pdo.php:3) in C:\wamp64\www\cinemanager\back\pdo.php on line 3
[29-May-2024 16:52:56 UTC] PHP Stack trace:
[29-May-2024 16:52:56 UTC] PHP   1. {main}() C:\wamp64\www\cinemanager\index.php:0
[29-May-2024 16:52:56 UTC] PHP   2. include() C:\wamp64\www\cinemanager\index.php:271
[29-May-2024 16:53:03 UTC] PHP Fatal error:  Cannot redeclare connectBdd() (previously declared in C:\wamp64\www\cinemanager\back\pdo.php:3) in C:\wamp64\www\cinemanager\back\pdo.php on line 3
[29-May-2024 16:53:03 UTC] PHP Stack trace:
[29-May-2024 16:53:03 UTC] PHP   1. {main}() C:\wamp64\www\cinemanager\index.php:0
[29-May-2024 16:53:03 UTC] PHP   2. include() C:\wamp64\www\cinemanager\index.php:271
[29-May-2024 16:55:15 UTC] PHP Fatal error:  Cannot redeclare connectBdd() (previously declared in C:\wamp64\www\cinemanager\back\pdo.php:3) in C:\wamp64\www\cinemanager\back\pdo.php on line 3
[29-May-2024 16:55:15 UTC] PHP Stack trace:
[29-May-2024 16:55:15 UTC] PHP   1. {main}() C:\wamp64\www\cinemanager\index.php:0
[29-May-2024 16:55:15 UTC] PHP   2. include() C:\wamp64\www\cinemanager\index.php:271
[29-May-2024 16:55:56 UTC] PHP Fatal error:  Cannot redeclare connectBdd() (previously declared in C:\wamp64\www\cinemanager\back\pdo.php:3) in C:\wamp64\www\cinemanager\back\pdo.php on line 3
[29-May-2024 16:55:56 UTC] PHP Stack trace:
[29-May-2024 16:55:56 UTC] PHP   1. {main}() C:\wamp64\www\cinemanager\index.php:0
[29-May-2024 16:55:56 UTC] PHP   2. include() C:\wamp64\www\cinemanager\index.php:271
[29-May-2024 16:59:56 UTC] PHP Fatal error:  Cannot redeclare connectBdd() (previously declared in C:\wamp64\www\cinemanager\back\pdo.php:3) in C:\wamp64\www\cinemanager\back\pdo.php on line 3
[29-May-2024 16:59:56 UTC] PHP Stack trace:
[29-May-2024 16:59:56 UTC] PHP   1. {main}() C:\wamp64\www\cinemanager\index.php:0
[29-May-2024 16:59:56 UTC] PHP   2. include() C:\wamp64\www\cinemanager\index.php:249
[29-May-2024 17:00:15 UTC] PHP Fatal error:  Cannot redeclare connectBdd() (previously declared in C:\wamp64\www\cinemanager\back\pdo.php:3) in C:\wamp64\www\cinemanager\back\pdo.php on line 3
[29-May-2024 17:00:15 UTC] PHP Stack trace:
[29-May-2024 17:00:15 UTC] PHP   1. {main}() C:\wamp64\www\cinemanager\index.php:0
[29-May-2024 17:00:15 UTC] PHP   2. include() C:\wamp64\www\cinemanager\index.php:249
[29-May-2024 17:01:33 UTC] PHP Fatal error:  Cannot redeclare connectBdd() (previously declared in C:\wamp64\www\cinemanager\back\pdo.php:3) in C:\wamp64\www\cinemanager\back\pdo.php on line 3
[29-May-2024 17:01:33 UTC] PHP Stack trace:
[29-May-2024 17:01:33 UTC] PHP   1. {main}() C:\wamp64\www\cinemanager\index.php:0
[29-May-2024 17:01:33 UTC] PHP   2. include() C:\wamp64\www\cinemanager\index.php:249
[29-May-2024 17:05:59 UTC] PHP Fatal error:  Cannot redeclare connectBdd() (previously declared in C:\wamp64\www\cinemanager\back\pdo.php:3) in C:\wamp64\www\cinemanager\back\pdo.php on line 3
[29-May-2024 17:05:59 UTC] PHP Stack trace:
[29-May-2024 17:05:59 UTC] PHP   1. {main}() C:\wamp64\www\cinemanager\index.php:0
[29-May-2024 17:05:59 UTC] PHP   2. include() C:\wamp64\www\cinemanager\index.php:249
[29-May-2024 17:07:03 UTC] PHP Fatal error:  Cannot redeclare connectBdd() (previously declared in C:\wamp64\www\cinemanager\back\pdo.php:3) in C:\wamp64\www\cinemanager\back\pdo.php on line 3
[29-May-2024 17:07:03 UTC] PHP Stack trace:
[29-May-2024 17:07:03 UTC] PHP   1. {main}() C:\wamp64\www\cinemanager\index.php:0
[29-May-2024 17:07:03 UTC] PHP   2. include() C:\wamp64\www\cinemanager\index.php:249
[29-May-2024 17:08:18 UTC] PHP Fatal error:  Cannot redeclare connectBdd() (previously declared in C:\wamp64\www\cinemanager\back\pdo.php:3) in C:\wamp64\www\cinemanager\back\pdo.php on line 3
[29-May-2024 17:08:18 UTC] PHP Stack trace:
[29-May-2024 17:08:18 UTC] PHP   1. {main}() C:\wamp64\www\cinemanager\index.php:0
[29-May-2024 17:08:18 UTC] PHP   2. include() C:\wamp64\www\cinemanager\index.php:249
[29-May-2024 17:12:45 UTC] PHP Fatal error:  Cannot redeclare connectBdd() (previously declared in C:\wamp64\www\cinemanager\back\pdo.php:3) in C:\wamp64\www\cinemanager\back\pdo.php on line 3
[29-May-2024 17:12:45 UTC] PHP Stack trace:
[29-May-2024 17:12:45 UTC] PHP   1. {main}() C:\wamp64\www\cinemanager\index.php:0
[29-May-2024 17:12:45 UTC] PHP   2. include() C:\wamp64\www\cinemanager\index.php:271
[29-May-2024 17:14:00 UTC] PHP Fatal error:  Cannot redeclare connectBdd() (previously declared in C:\wamp64\www\cinemanager\back\pdo.php:3) in C:\wamp64\www\cinemanager\back\pdo.php on line 3
[29-May-2024 17:14:00 UTC] PHP Stack trace:
[29-May-2024 17:14:00 UTC] PHP   1. {main}() C:\wamp64\www\cinemanager\index.php:0
[29-May-2024 17:14:00 UTC] PHP   2. include() C:\wamp64\www\cinemanager\index.php:271
[29-May-2024 17:14:05 UTC] PHP Fatal error:  Cannot redeclare connectBdd() (previously declared in C:\wamp64\www\cinemanager\back\pdo.php:3) in C:\wamp64\www\cinemanager\back\pdo.php on line 3
[29-May-2024 17:14:05 UTC] PHP Stack trace:
[29-May-2024 17:14:05 UTC] PHP   1. {main}() C:\wamp64\www\cinemanager\index.php:0
[29-May-2024 17:14:05 UTC] PHP   2. include() C:\wamp64\www\cinemanager\index.php:271
[29-May-2024 17:14:08 UTC] PHP Fatal error:  Cannot redeclare connectBdd() (previously declared in C:\wamp64\www\cinemanager\back\pdo.php:3) in C:\wamp64\www\cinemanager\back\pdo.php on line 3
[29-May-2024 17:14:08 UTC] PHP Stack trace:
[29-May-2024 17:14:08 UTC] PHP   1. {main}() C:\wamp64\www\cinemanager\index.php:0
[29-May-2024 17:14:08 UTC] PHP   2. include() C:\wamp64\www\cinemanager\index.php:271
[29-May-2024 17:14:28 UTC] PHP Fatal error:  Cannot redeclare connectBdd() (previously declared in C:\wamp64\www\cinemanager\back\pdo.php:3) in C:\wamp64\www\cinemanager\back\pdo.php on line 3
[29-May-2024 17:14:28 UTC] PHP Stack trace:
[29-May-2024 17:14:28 UTC] PHP   1. {main}() C:\wamp64\www\cinemanager\index.php:0
[29-May-2024 17:14:28 UTC] PHP   2. include() C:\wamp64\www\cinemanager\index.php:271
[29-May-2024 17:14:34 UTC] PHP Fatal error:  Cannot redeclare connectBdd() (previously declared in C:\wamp64\www\cinemanager\back\pdo.php:3) in C:\wamp64\www\cinemanager\back\pdo.php on line 3
[29-May-2024 17:14:34 UTC] PHP Stack trace:
[29-May-2024 17:14:34 UTC] PHP   1. {main}() C:\wamp64\www\cinemanager\index.php:0
[29-May-2024 17:14:34 UTC] PHP   2. include() C:\wamp64\www\cinemanager\index.php:271
[29-May-2024 17:14:35 UTC] PHP Fatal error:  Cannot redeclare connectBdd() (previously declared in C:\wamp64\www\cinemanager\back\pdo.php:3) in C:\wamp64\www\cinemanager\back\pdo.php on line 3
[29-May-2024 17:14:35 UTC] PHP Stack trace:
[29-May-2024 17:14:35 UTC] PHP   1. {main}() C:\wamp64\www\cinemanager\index.php:0
[29-May-2024 17:14:35 UTC] PHP   2. include() C:\wamp64\www\cinemanager\index.php:271
[29-May-2024 17:14:38 UTC] PHP Fatal error:  Cannot redeclare connectBdd() (previously declared in C:\wamp64\www\cinemanager\back\pdo.php:3) in C:\wamp64\www\cinemanager\back\pdo.php on line 3
[29-May-2024 17:14:38 UTC] PHP Stack trace:
[29-May-2024 17:14:38 UTC] PHP   1. {main}() C:\wamp64\www\cinemanager\index.php:0
[29-May-2024 17:14:38 UTC] PHP   2. include() C:\wamp64\www\cinemanager\index.php:271
[29-May-2024 17:14:53 UTC] PHP Fatal error:  Cannot redeclare connectBdd() (previously declared in C:\wamp64\www\cinemanager\back\pdo.php:3) in C:\wamp64\www\cinemanager\back\pdo.php on line 3
[29-May-2024 17:14:53 UTC] PHP Stack trace:
[29-May-2024 17:14:53 UTC] PHP   1. {main}() C:\wamp64\www\cinemanager\index.php:0
[29-May-2024 17:14:53 UTC] PHP   2. include() C:\wamp64\www\cinemanager\index.php:271
[30-May-2024 09:33:39 UTC] PHP Fatal error:  Cannot redeclare connectBdd() (previously declared in C:\wamp64\www\cinemanager\back\pdo.php:3) in C:\wamp64\www\cinemanager\back\pdo.php on line 3
[30-May-2024 09:33:39 UTC] PHP Stack trace:
[30-May-2024 09:33:39 UTC] PHP   1. {main}() C:\wamp64\www\cinemanager\index.php:0
[30-May-2024 09:33:39 UTC] PHP   2. include() C:\wamp64\www\cinemanager\index.php:271
[30-May-2024 09:34:03 UTC] PHP Fatal error:  Cannot redeclare connectBdd() (previously declared in C:\wamp64\www\cinemanager\back\pdo.php:3) in C:\wamp64\www\cinemanager\back\pdo.php on line 3
[30-May-2024 09:34:03 UTC] PHP Stack trace:
[30-May-2024 09:34:03 UTC] PHP   1. {main}() C:\wamp64\www\cinemanager\index.php:0
[30-May-2024 09:34:03 UTC] PHP   2. include() C:\wamp64\www\cinemanager\index.php:271
[30-May-2024 10:06:20 UTC] PHP Fatal error:  Cannot redeclare connectBdd() (previously declared in C:\wamp64\www\cinemanager\back\pdo.php:3) in C:\wamp64\www\cinemanager\back\pdo.php on line 3
[30-May-2024 10:06:20 UTC] PHP Stack trace:
[30-May-2024 10:06:20 UTC] PHP   1. {main}() C:\wamp64\www\cinemanager\index.php:0
[30-May-2024 10:06:20 UTC] PHP   2. include() C:\wamp64\www\cinemanager\index.php:271
[30-May-2024 10:06:31 UTC] PHP Fatal error:  Cannot redeclare connectBdd() (previously declared in C:\wamp64\www\cinemanager\back\pdo.php:3) in C:\wamp64\www\cinemanager\back\pdo.php on line 3
[30-May-2024 10:06:31 UTC] PHP Stack trace:
[30-May-2024 10:06:31 UTC] PHP   1. {main}() C:\wamp64\www\cinemanager\index.php:0
[30-May-2024 10:06:31 UTC] PHP   2. include() C:\wamp64\www\cinemanager\index.php:271
[30-May-2024 10:06:42 UTC] PHP Fatal error:  Cannot redeclare connectBdd() (previously declared in C:\wamp64\www\cinemanager\back\pdo.php:3) in C:\wamp64\www\cinemanager\back\pdo.php on line 3
[30-May-2024 10:06:42 UTC] PHP Stack trace:
[30-May-2024 10:06:42 UTC] PHP   1. {main}() C:\wamp64\www\cinemanager\index.php:0
[30-May-2024 10:06:42 UTC] PHP   2. include() C:\wamp64\www\cinemanager\index.php:271
[30-May-2024 10:06:52 UTC] PHP Fatal error:  Cannot redeclare connectBdd() (previously declared in C:\wamp64\www\cinemanager\back\pdo.php:3) in C:\wamp64\www\cinemanager\back\pdo.php on line 3
[30-May-2024 10:06:52 UTC] PHP Stack trace:
[30-May-2024 10:06:52 UTC] PHP   1. {main}() C:\wamp64\www\cinemanager\index.php:0
[30-May-2024 10:06:52 UTC] PHP   2. include() C:\wamp64\www\cinemanager\index.php:271
[30-May-2024 10:07:11 UTC] PHP Fatal error:  Cannot redeclare connectBdd() (previously declared in C:\wamp64\www\cinemanager\back\pdo.php:3) in C:\wamp64\www\cinemanager\back\pdo.php on line 3
[30-May-2024 10:07:11 UTC] PHP Stack trace:
[30-May-2024 10:07:11 UTC] PHP   1. {main}() C:\wamp64\www\cinemanager\index.php:0
[30-May-2024 10:07:11 UTC] PHP   2. include() C:\wamp64\www\cinemanager\index.php:272
